Using pre-set license
Built from '2020.3/staging' branch; Version is '2020.3.41f1 (7c19dc9acfda) revision 8133084'; Using compiler version '192528614'; Build Type 'Release'
OS: 'Windows 11  (10.0.22000) 64bit Core' Language: 'ru' Physical Memory: 16173 MB
BatchMode: 1, IsHumanControllingUs: 0, StartBugReporterOnCrash: 0, Is64bit: 1, IsPro: 0

COMMAND LINE ARGUMENTS:
C:\Program Files\Unity 2020.3.41f1\Editor\Unity.exe
-adb2
-batchMode
-noUpm
-name
AssetImportWorker0
-projectPath
C:/Users/yasko/OneDrive/Documents/GitHub/ZombieShooter/ZombieShooter
-logFile
Logs/AssetImportWorker0.log
-srvPort
54124
Successfully changed project path to: C:/Users/yasko/OneDrive/Documents/GitHub/ZombieShooter/ZombieShooter
C:/Users/yasko/OneDrive/Documents/GitHub/ZombieShooter/ZombieShooter
Using Asset Import Pipeline V2.
Refreshing native plugins compatible for Editor in 48.49 ms, found 2 plugins.
Preloading 0 native plugins for Editor in 0.00 ms.
Initialize engine version: 2020.3.41f1 (7c19dc9acfda)
[Subsystems] Discovering subsystems at path C:/Program Files/Unity 2020.3.41f1/Editor/Data/Resources/UnitySubsystems
[Subsystems] Discovering subsystems at path C:/Users/yasko/OneDrive/Documents/GitHub/ZombieShooter/ZombieShooter/Assets
GfxDevice: creating device client; threaded=0
Direct3D:
    Version:  Direct3D 11.0 [level 11.1]
    Renderer: NVIDIA GeForce RTX 3060 Laptop GPU (ID=0x2520)
    Vendor:   
    VRAM:     6009 MB
    Driver:   31.0.15.2756
Initialize mono
Mono path[0] = 'C:/Program Files/Unity 2020.3.41f1/Editor/Data/Managed'
Mono path[1] = 'C:/Program Files/Unity 2020.3.41f1/Editor/Data/MonoBleedingEdge/lib/mono/unityjit'
Mono config path = 'C:/Program Files/Unity 2020.3.41f1/Editor/Data/MonoBleedingEdge/etc'
Using monoOptions --debugger-agent=transport=dt_socket,embedding=1,server=y,suspend=n,address=127.0.0.1:56592
Begin MonoManager ReloadAssembly
Registering precompiled unity dll's ...
Register platform support module: C:/Program Files/Unity 2020.3.41f1/Editor/Data/PlaybackEngines/WindowsStandaloneSupport/UnityEditor.WindowsStandalone.Extensions.dll
Registered in 0.001433 seconds.
Native extension for WindowsStandalone target not found
Refreshing native plugins compatible for Editor in 48.50 ms, found 2 plugins.
Preloading 0 native plugins for Editor in 0.00 ms.
Mono: successfully reloaded assembly
- Completed reload, in  0.641 seconds
Domain Reload Profiling:
	ReloadAssembly (641ms)
		BeginReloadAssembly (65ms)
			ExecutionOrderSort (0ms)
			DisableScriptedObjects (0ms)
			BackupInstance (0ms)
			ReleaseScriptingObjects (0ms)
			CreateAndSetChildDomain (1ms)
		EndReloadAssembly (498ms)
			LoadAssemblies (63ms)
			RebuildTransferFunctionScriptingTraits (0ms)
			SetupTypeCache (170ms)
			ReleaseScriptCaches (0ms)
			RebuildScriptCaches (33ms)
			SetupLoadedEditorAssemblies (186ms)
				LogAssemblyErrors (0ms)
				InitializePlatformSupportModulesInManaged (5ms)
				SetLoadedEditorAssemblies (1ms)
				RefreshPlugins (49ms)
				BeforeProcessingInitializeOnLoad (10ms)
				ProcessInitializeOnLoadAttributes (90ms)
				ProcessInitializeOnLoadMethodAttributes (32ms)
				AfterProcessingInitializeOnLoad (0ms)
				EditorAssembliesLoaded (0ms)
			ExecutionOrderSort2 (0ms)
			AwakeInstancesAfterBackupRestoration (0ms)
Platform modules already initialized, skipping
Registering precompiled user dll's ...
Registered in 0.003268 seconds.
Begin MonoManager ReloadAssembly
Native extension for WindowsStandalone target not found
Refreshing native plugins compatible for Editor in 48.31 ms, found 2 plugins.
Preloading 0 native plugins for Editor in 0.00 ms.
Mono: successfully reloaded assembly
- Completed reload, in  1.223 seconds
Domain Reload Profiling:
	ReloadAssembly (1224ms)
		BeginReloadAssembly (155ms)
			ExecutionOrderSort (0ms)
			DisableScriptedObjects (5ms)
			BackupInstance (0ms)
			ReleaseScriptingObjects (0ms)
			CreateAndSetChildDomain (21ms)
		EndReloadAssembly (1005ms)
			LoadAssemblies (99ms)
			RebuildTransferFunctionScriptingTraits (0ms)
			SetupTypeCache (325ms)
			ReleaseScriptCaches (0ms)
			RebuildScriptCaches (56ms)
			SetupLoadedEditorAssemblies (409ms)
				LogAssemblyErrors (0ms)
				InitializePlatformSupportModulesInManaged (4ms)
				SetLoadedEditorAssemblies (0ms)
				RefreshPlugins (48ms)
				BeforeProcessingInitializeOnLoad (67ms)
				ProcessInitializeOnLoadAttributes (268ms)
				ProcessInitializeOnLoadMethodAttributes (16ms)
				AfterProcessingInitializeOnLoad (5ms)
				EditorAssembliesLoaded (0ms)
			ExecutionOrderSort2 (0ms)
			AwakeInstancesAfterBackupRestoration (2ms)
Platform modules already initialized, skipping
========================================================================
Worker process is ready to serve import requests
Launched and connected shader compiler UnityShaderCompiler.exe after 0.04 seconds
Refreshing native plugins compatible for Editor in 0.46 ms, found 2 plugins.
Preloading 0 native plugins for Editor in 0.00 ms.
Unloading 2063 Unused Serialized files (Serialized files now loaded: 0)
System memory in use before: 90.6 MB.
System memory in use after: 90.6 MB.

Unloading 21 unused Assets to reduce memory usage. Loaded Objects now: 2507.
Total: 3.096600 ms (FindLiveObjects: 0.164600 ms CreateObjectMapping: 0.089800 ms MarkObjects: 2.763000 ms  DeleteObjects: 0.078400 ms)

AssetImportParameters requested are different than current active one (requested -> active):
  custom:framework-win-MediaFoundation: 216162199b28c13a410421893ffa2e32 -> 
  custom:video-decoder-ogg-theora: a1e56fd34408186e4bbccfd4996cb3dc -> 
  custom:container-muxer-webm: aa71ff27fc2769a1b78a27578f13a17b -> 
  custom:container-demuxer-webm: 4f35f7cbe854078d1ac9338744f61a02 -> 
  custom:container-demuxer-ogg: 62fdf1f143b41e24485cea50d1cbac27 -> 
  custom:video-encoder-webm-vp8: eb34c28f22e8b96e1ab97ce403110664 -> 
  custom:video-codec-MediaFoundation-h265: 746d11721c4dcdbdad8f713fa42b33f4 -> 
  custom:video-decoder-webm-vp8: 9c59270c3fd7afecdb556c50c9e8de78 -> 
  custom:audio-decoder-ogg-vorbis: bf7c407c2cedff20999df2af8eb42d56 -> 
  custom:audio-encoder-webm-vorbis: bf7c407c2cedff20999df2af8eb42d56 -> 
========================================================================
Received Import Request.
  path: Assets/C#/Player
  artifactKey: Guid(2f2c6b65728f7ee4fb49de2beba59431) Importer(815301076,1909f56bfc062723c751e8b465ee728b)
Start importing Assets/C#/Player using Guid(2f2c6b65728f7ee4fb49de2beba59431) Importer(815301076,1909f56bfc062723c751e8b465ee728b)  -> (artifact id: '36e1405801878b3e86da50fe71e46a93') in 0.004674 seconds 
========================================================================
Received Import Request.
  Time since last request: 0.000152 seconds.
  path: Assets/C#/Managers
  artifactKey: Guid(b1b78111444e2dc4488913a5d22d21b9) Importer(815301076,1909f56bfc062723c751e8b465ee728b)
Start importing Assets/C#/Managers using Guid(b1b78111444e2dc4488913a5d22d21b9) Importer(815301076,1909f56bfc062723c751e8b465ee728b)  -> (artifact id: 'bbcbc1614dc55925298176096c4a87f8') in 0.001724 seconds 
========================================================================
Received Import Request.
  Time since last request: 0.000151 seconds.
  path: Assets/C#/Weapon
  artifactKey: Guid(2cf917f4bf7c6fd4a81a85f2711a9a58) Importer(815301076,1909f56bfc062723c751e8b465ee728b)
Start importing Assets/C#/Weapon using Guid(2cf917f4bf7c6fd4a81a85f2711a9a58) Importer(815301076,1909f56bfc062723c751e8b465ee728b)  -> (artifact id: '728489bbc554ac14e1aad0513e2df252') in 0.001955 seconds 
========================================================================
Received Import Request.
  Time since last request: 0.436362 seconds.
  path: Assets/Data
  artifactKey: Guid(53113280c22b5c94b9e821d5e1e3d4c3) Importer(815301076,1909f56bfc062723c751e8b465ee728b)
Start importing Assets/Data using Guid(53113280c22b5c94b9e821d5e1e3d4c3) Importer(815301076,1909f56bfc062723c751e8b465ee728b)  -> (artifact id: '21f182a0658ec347e4ea213da7af4c13') in 0.001716 seconds 
========================================================================
Received Import Request.
  Time since last request: 0.447303 seconds.
  path: Assets/C#
  artifactKey: Guid(d11d23647cc7c604892f158e4a1fbe32) Importer(815301076,1909f56bfc062723c751e8b465ee728b)
Start importing Assets/C# using Guid(d11d23647cc7c604892f158e4a1fbe32) Importer(815301076,1909f56bfc062723c751e8b465ee728b)  -> (artifact id: 'a7eec4f485f16e8cfa4d6b231afba088') in 0.001874 seconds 
========================================================================
Received Import Request.
  Time since last request: 0.319078 seconds.
  path: Assets/Assets
  artifactKey: Guid(2bb566afa24527748b107b4f53a11ca5) Importer(815301076,1909f56bfc062723c751e8b465ee728b)
Start importing Assets/Assets using Guid(2bb566afa24527748b107b4f53a11ca5) Importer(815301076,1909f56bfc062723c751e8b465ee728b)  -> (artifact id: 'b430fec58daf45a1eee402058b6267c6') in 0.001891 seconds 
========================================================================
Received Import Request.
  Time since last request: 1.767373 seconds.
  path: Assets/Prefabs
  artifactKey: Guid(c9ff7e0225ceb284faedfda8c2f473aa) Importer(815301076,1909f56bfc062723c751e8b465ee728b)
Start importing Assets/Prefabs using Guid(c9ff7e0225ceb284faedfda8c2f473aa) Importer(815301076,1909f56bfc062723c751e8b465ee728b)  -> (artifact id: '5e01fec385213e6982d3d0aa84b4ce16') in 0.001817 seconds 
========================================================================
Received Import Request.
  Time since last request: 0.057432 seconds.
  path: Assets/Prefabs/FirstPersonController.prefab
  artifactKey: Guid(6bacecc4f3df9584198879c73a6b6c36) Importer(815301076,1909f56bfc062723c751e8b465ee728b)
Start importing Assets/Prefabs/FirstPersonController.prefab using Guid(6bacecc4f3df9584198879c73a6b6c36) Importer(815301076,1909f56bfc062723c751e8b465ee728b)  -> (artifact id: 'c5d29690557e59e89dd94e548d4fbddd') in 0.125335 seconds 
========================================================================
Received Import Request.
  Time since last request: 0.000174 seconds.
  path: Assets/Prefabs/terrarian.fbx
  artifactKey: Guid(c783efe33296a954488674e334fb5d9a) Importer(815301076,1909f56bfc062723c751e8b465ee728b)
Start importing Assets/Prefabs/terrarian.fbx using Guid(c783efe33296a954488674e334fb5d9a) Importer(815301076,1909f56bfc062723c751e8b465ee728b)  -> (artifact id: 'aae40ffde5dc62ee5a174d91c9d566f6') in 0.043136 seconds 
========================================================================
Received Import Request.
  Time since last request: 1.126931 seconds.
  path: Assets/Prefabs/Weapons
  artifactKey: Guid(05e2acf1f02a25b439e2815983fe4819) Importer(815301076,1909f56bfc062723c751e8b465ee728b)
Start importing Assets/Prefabs/Weapons using Guid(05e2acf1f02a25b439e2815983fe4819) Importer(815301076,1909f56bfc062723c751e8b465ee728b)  -> (artifact id: '1ad758d19941b9d90a7b14070a6dae09') in 0.001756 seconds 
========================================================================
Received Import Request.
  Time since last request: 0.123889 seconds.
  path: Assets/Prefabs/Weapons/AK47.prefab
  artifactKey: Guid(4819d475367e2fc48b0fd3669bb1d98f) Importer(815301076,1909f56bfc062723c751e8b465ee728b)
Start importing Assets/Prefabs/Weapons/AK47.prefab using Guid(4819d475367e2fc48b0fd3669bb1d98f) Importer(815301076,1909f56bfc062723c751e8b465ee728b)  -> (artifact id: '14343099e77c3787fdef7daedb7aa010') in 0.007272 seconds 
========================================================================
Received Import Request.
  Time since last request: 0.000187 seconds.
  path: Assets/Prefabs/Weapons/Fists.prefab
  artifactKey: Guid(a2254ac850858384eb856fcb799d7e98) Importer(815301076,1909f56bfc062723c751e8b465ee728b)
Start importing Assets/Prefabs/Weapons/Fists.prefab using Guid(a2254ac850858384eb856fcb799d7e98) Importer(815301076,1909f56bfc062723c751e8b465ee728b)  -> (artifact id: '50e0e017d99722e7a5f7dc3774401aae') in 0.003074 seconds 
========================================================================
Received Import Request.
  Time since last request: 0.000219 seconds.
  path: Assets/Prefabs/Weapons/PM.prefab
  artifactKey: Guid(d201218a4a69cbc47a4949cc8a992150) Importer(815301076,1909f56bfc062723c751e8b465ee728b)
Start importing Assets/Prefabs/Weapons/PM.prefab using Guid(d201218a4a69cbc47a4949cc8a992150) Importer(815301076,1909f56bfc062723c751e8b465ee728b)  -> (artifact id: '72020666ea9b9bb097af1bc21aaa4d7d') in 0.007645 seconds 
========================================================================
Received Import Request.
  Time since last request: 2.248316 seconds.
  path: Assets/Prefabs/PickUpObjects
  artifactKey: Guid(eefdf2bc825df6945971839f1f8ad654) Importer(815301076,1909f56bfc062723c751e8b465ee728b)
Start importing Assets/Prefabs/PickUpObjects using Guid(eefdf2bc825df6945971839f1f8ad654) Importer(815301076,1909f56bfc062723c751e8b465ee728b)  -> (artifact id: '7ee9c7d57bdcdb315567aadd0e143619') in 0.001632 seconds 
========================================================================
Received Import Request.
  Time since last request: 0.043050 seconds.
  path: Assets/Prefabs/PickUpObjects/pickupAK47.prefab
  artifactKey: Guid(67f3751a0c519504fa2fe6faba6e10e3) Importer(815301076,1909f56bfc062723c751e8b465ee728b)
Start importing Assets/Prefabs/PickUpObjects/pickupAK47.prefab using Guid(67f3751a0c519504fa2fe6faba6e10e3) Importer(815301076,1909f56bfc062723c751e8b465ee728b)  -> (artifact id: '8d588264cbfc040afff35018bd810a74') in 0.008225 seconds 
========================================================================
Received Import Request.
  Time since last request: 0.000190 seconds.
  path: Assets/Prefabs/PickUpObjects/pickupPM.prefab
  artifactKey: Guid(9b7b590120aa3c341aae63735f1397dd) Importer(815301076,1909f56bfc062723c751e8b465ee728b)
Start importing Assets/Prefabs/PickUpObjects/pickupPM.prefab using Guid(9b7b590120aa3c341aae63735f1397dd) Importer(815301076,1909f56bfc062723c751e8b465ee728b)  -> (artifact id: 'f6ed5acc0dceb0d7e60b6fac101eb6ba') in 0.008984 seconds 
========================================================================
Received Import Request.
  Time since last request: 2.381561 seconds.
  path: Assets/Material
  artifactKey: Guid(305c5e00c7bfb11498c46553e0b7bd2b) Importer(815301076,1909f56bfc062723c751e8b465ee728b)
Start importing Assets/Material using Guid(305c5e00c7bfb11498c46553e0b7bd2b) Importer(815301076,1909f56bfc062723c751e8b465ee728b)  -> (artifact id: '239268caeed0abad13a6d5656c9d22fe') in 0.001812 seconds 
========================================================================
Received Import Request.
  Time since last request: 0.028184 seconds.
  path: Assets/Material/terrarian.mat
  artifactKey: Guid(12082488cbd973045b7d3f72fe39d753) Importer(815301076,1909f56bfc062723c751e8b465ee728b)
Start importing Assets/Material/terrarian.mat using Guid(12082488cbd973045b7d3f72fe39d753) Importer(815301076,1909f56bfc062723c751e8b465ee728b)  -> (artifact id: 'ac36134a10cdf64923696f849b1cf935') in 0.025298 seconds 
========================================================================
Received Import Request.
  Time since last request: 1.622170 seconds.
  path: Assets/Scenes
  artifactKey: Guid(355258b07d5aeda46add1cf1797628db) Importer(815301076,1909f56bfc062723c751e8b465ee728b)
Start importing Assets/Scenes using Guid(355258b07d5aeda46add1cf1797628db) Importer(815301076,1909f56bfc062723c751e8b465ee728b)  -> (artifact id: 'e8180ff032116365d7e41fdc4c88b189') in 0.001902 seconds 
========================================================================
Received Import Request.
  Time since last request: 3.035337 seconds.
  path: Assets/Assets/LowPolyLandscape
  artifactKey: Guid(1f792921a84ecf74f8c9c2f0cf198bda) Importer(815301076,1909f56bfc062723c751e8b465ee728b)
Start importing Assets/Assets/LowPolyLandscape using Guid(1f792921a84ecf74f8c9c2f0cf198bda) Importer(815301076,1909f56bfc062723c751e8b465ee728b)  -> (artifact id: '9d7314139ba15f6de550a16e6f46ad68') in 0.002149 seconds 
========================================================================
Received Import Request.
  Time since last request: 0.838971 seconds.
  path: Assets/Assets/LowPolyLandscape/Meshes
  artifactKey: Guid(73d57582c96e4144cbc6f4bdbba00a1f) Importer(815301076,1909f56bfc062723c751e8b465ee728b)
Start importing Assets/Assets/LowPolyLandscape/Meshes using Guid(73d57582c96e4144cbc6f4bdbba00a1f) Importer(815301076,1909f56bfc062723c751e8b465ee728b)  -> (artifact id: '38e71b9a516bfca5e88260a48fa5076e') in 0.001967 seconds 
========================================================================
Received Import Request.
  Time since last request: 1.029411 seconds.
  path: Assets/Assets/LowPolyLandscape/Meshes/Materials
  artifactKey: Guid(2bb57ba17bb94d5438191100407a879f) Importer(815301076,1909f56bfc062723c751e8b465ee728b)
Start importing Assets/Assets/LowPolyLandscape/Meshes/Materials using Guid(2bb57ba17bb94d5438191100407a879f) Importer(815301076,1909f56bfc062723c751e8b465ee728b)  -> (artifact id: '2911640b327776667bb292268cccce06') in 0.001887 seconds 
========================================================================
Received Import Request.
  Time since last request: 0.295675 seconds.
  path: Assets/Assets/LowPolyLandscape/Meshes/Materials/TreeColors_A.mat
  artifactKey: Guid(1078f8756d8f5fd47b7fef4f7a3cc490) Importer(815301076,1909f56bfc062723c751e8b465ee728b)
Start importing Assets/Assets/LowPolyLandscape/Meshes/Materials/TreeColors_A.mat using Guid(1078f8756d8f5fd47b7fef4f7a3cc490) Importer(815301076,1909f56bfc062723c751e8b465ee728b)  -> (artifact id: '34ece50b0afd891c11803c52cec6036e') in 0.023411 seconds 
========================================================================
Received Import Request.
  Time since last request: 1.434969 seconds.
  path: Assets/Assets/2d
  artifactKey: Guid(d897c48caed1aad41ae4359e1041c9c7) Importer(815301076,1909f56bfc062723c751e8b465ee728b)
Start importing Assets/Assets/2d using Guid(d897c48caed1aad41ae4359e1041c9c7) Importer(815301076,1909f56bfc062723c751e8b465ee728b)  -> (artifact id: '247a7ed6884d05b8073a112f96c580cf') in 0.002419 seconds 
========================================================================
Received Import Request.
  Time since last request: 0.272963 seconds.
  path: Assets/Assets/2d/CircleReticle.png
  artifactKey: Guid(be4ce60e2c9768c44b9b10b9c5258045) Importer(815301076,1909f56bfc062723c751e8b465ee728b)
Start importing Assets/Assets/2d/CircleReticle.png using Guid(be4ce60e2c9768c44b9b10b9c5258045) Importer(815301076,1909f56bfc062723c751e8b465ee728b)  -> (artifact id: '1ec28d8b99bcf84b97ce9e280436d27c') in 0.050766 seconds 
========================================================================
Received Import Request.
  Time since last request: 3.605980 seconds.
  path: Assets/Assets/LowPolyLandscape/Prefabs
  artifactKey: Guid(5ed95bee9a9e57245894e3b93c54ae59) Importer(815301076,1909f56bfc062723c751e8b465ee728b)
Start importing Assets/Assets/LowPolyLandscape/Prefabs using Guid(5ed95bee9a9e57245894e3b93c54ae59) Importer(815301076,1909f56bfc062723c751e8b465ee728b)  -> (artifact id: '2c925c6114f5043f8e5f903f37116568') in 0.001832 seconds 
========================================================================
Received Import Request.
  Time since last request: 0.666456 seconds.
  path: Assets/Assets/LowPolyLandscape/Prefabs/Foliage
  artifactKey: Guid(3e1cb27bde8d4664fb910c40efd7d7ab) Importer(815301076,1909f56bfc062723c751e8b465ee728b)
Start importing Assets/Assets/LowPolyLandscape/Prefabs/Foliage using Guid(3e1cb27bde8d4664fb910c40efd7d7ab) Importer(815301076,1909f56bfc062723c751e8b465ee728b)  -> (artifact id: '46234ac4f73a2dddab8fac65c2b59d80') in 0.001863 seconds 
========================================================================
Received Import Request.
  Time since last request: 0.028583 seconds.
  path: Assets/Assets/LowPolyLandscape/Prefabs/Foliage/Tree-01.prefab
  artifactKey: Guid(de12ad33fb45d884f9a269eb2a5d2d6c) Importer(815301076,1909f56bfc062723c751e8b465ee728b)
Start importing Assets/Assets/LowPolyLandscape/Prefabs/Foliage/Tree-01.prefab using Guid(de12ad33fb45d884f9a269eb2a5d2d6c) Importer(815301076,1909f56bfc062723c751e8b465ee728b)  -> (artifact id: '4d8b15a41c1c0bf0911306ba4a6bc9b6') in 0.013278 seconds 
========================================================================
Received Import Request.
  Time since last request: 0.000159 seconds.
  path: Assets/Assets/LowPolyLandscape/Prefabs/Foliage/Tree-04.prefab
  artifactKey: Guid(bd1b67755aa3c9a4ca5b5e9a2f58487f) Importer(815301076,1909f56bfc062723c751e8b465ee728b)
Start importing Assets/Assets/LowPolyLandscape/Prefabs/Foliage/Tree-04.prefab using Guid(bd1b67755aa3c9a4ca5b5e9a2f58487f) Importer(815301076,1909f56bfc062723c751e8b465ee728b)  -> (artifact id: 'dc6792e7159f6a5e475268dbeae0ca3e') in 0.016765 seconds 
========================================================================
Received Import Request.
  Time since last request: 0.000255 seconds.
  path: Assets/Assets/LowPolyLandscape/Prefabs/Foliage/TreeBirch-06.prefab
  artifactKey: Guid(f165921b1ba79e040977dcb32d9baa0e) Importer(815301076,1909f56bfc062723c751e8b465ee728b)
Start importing Assets/Assets/LowPolyLandscape/Prefabs/Foliage/TreeBirch-06.prefab using Guid(f165921b1ba79e040977dcb32d9baa0e) Importer(815301076,1909f56bfc062723c751e8b465ee728b)  -> (artifact id: '8bcddbd3f82933aed64580cb66b0d8ff') in 0.013215 seconds 
========================================================================
Received Import Request.
  Time since last request: 0.000195 seconds.
  path: Assets/Assets/LowPolyLandscape/Prefabs/Foliage/Tree-02.prefab
  artifactKey: Guid(e3e01a78922f3ca478c0c3d134defe5b) Importer(815301076,1909f56bfc062723c751e8b465ee728b)
Start importing Assets/Assets/LowPolyLandscape/Prefabs/Foliage/Tree-02.prefab using Guid(e3e01a78922f3ca478c0c3d134defe5b) Importer(815301076,1909f56bfc062723c751e8b465ee728b)  -> (artifact id: '1cda124ab5a996c58fe6481f637584b4') in 0.016490 seconds 
========================================================================
Received Import Request.
  Time since last request: 0.000152 seconds.
  path: Assets/Assets/LowPolyLandscape/Prefabs/Foliage/TreeBirch-02.prefab
  artifactKey: Guid(87743f45784047843bd42a069a3b32c0) Importer(815301076,1909f56bfc062723c751e8b465ee728b)
Start importing Assets/Assets/LowPolyLandscape/Prefabs/Foliage/TreeBirch-02.prefab using Guid(87743f45784047843bd42a069a3b32c0) Importer(815301076,1909f56bfc062723c751e8b465ee728b)  -> (artifact id: 'b874b68786c2629372f2cf311a5f4ff8') in 0.016798 seconds 
========================================================================
Received Import Request.
  Time since last request: 0.000183 seconds.
  path: Assets/Assets/LowPolyLandscape/Prefabs/Foliage/Tree-05.prefab
  artifactKey: Guid(9f5e24fafa2f5ec4e9b7907bb573e7cc) Importer(815301076,1909f56bfc062723c751e8b465ee728b)
Start importing Assets/Assets/LowPolyLandscape/Prefabs/Foliage/Tree-05.prefab using Guid(9f5e24fafa2f5ec4e9b7907bb573e7cc) Importer(815301076,1909f56bfc062723c751e8b465ee728b)  -> (artifact id: 'bc1444e3a205cd34806b26131ffade7f') in 0.012827 seconds 
========================================================================
Received Import Request.
  Time since last request: 0.000217 seconds.
  path: Assets/Assets/LowPolyLandscape/Prefabs/Foliage/Tree-03.prefab
  artifactKey: Guid(5700d124bc032fc478d41b4dce6d5ca8) Importer(815301076,1909f56bfc062723c751e8b465ee728b)
Start importing Assets/Assets/LowPolyLandscape/Prefabs/Foliage/Tree-03.prefab using Guid(5700d124bc032fc478d41b4dce6d5ca8) Importer(815301076,1909f56bfc062723c751e8b465ee728b)  -> (artifact id: 'aab34ab91b76d3c13b50e4fd250a3d05') in 0.014005 seconds 
========================================================================
Received Import Request.
  Time since last request: 4.609886 seconds.
  path: Assets/Assets/LowPolyLandscape/Meshes/Foliage
  artifactKey: Guid(1867ae1347280394b827f904edf13147) Importer(815301076,1909f56bfc062723c751e8b465ee728b)
Start importing Assets/Assets/LowPolyLandscape/Meshes/Foliage using Guid(1867ae1347280394b827f904edf13147) Importer(815301076,1909f56bfc062723c751e8b465ee728b)  -> (artifact id: '305b63ea6130b49e82fbce8acc5661bc') in 0.001602 seconds 
========================================================================
Received Import Request.
  Time since last request: 0.063464 seconds.
  path: Assets/Assets/LowPolyLandscape/Meshes/Foliage/Tree-01.fbx
  artifactKey: Guid(e9eedf225d8bdf642b0f773dc33a7285) Importer(815301076,1909f56bfc062723c751e8b465ee728b)
Start importing Assets/Assets/LowPolyLandscape/Meshes/Foliage/Tree-01.fbx using Guid(e9eedf225d8bdf642b0f773dc33a7285) Importer(815301076,1909f56bfc062723c751e8b465ee728b)  -> (artifact id: 'f518036fb2d1a1120e5dbe4a366f21b3') in 0.017922 seconds 
========================================================================
Received Import Request.
  Time since last request: 0.000268 seconds.
  path: Assets/Assets/LowPolyLandscape/Meshes/Foliage/Tree-03.fbx
  artifactKey: Guid(7f5ced8457a89bc4c813c6b1b88def20) Importer(815301076,1909f56bfc062723c751e8b465ee728b)
Start importing Assets/Assets/LowPolyLandscape/Meshes/Foliage/Tree-03.fbx using Guid(7f5ced8457a89bc4c813c6b1b88def20) Importer(815301076,1909f56bfc062723c751e8b465ee728b)  -> (artifact id: 'bdd8ea0502d3606a7a66392e2fccdd9d') in 0.021215 seconds 
========================================================================
Received Import Request.
  Time since last request: 0.000205 seconds.
  path: Assets/Assets/LowPolyLandscape/Meshes/Foliage/TreeBirch-02.fbx
  artifactKey: Guid(7ba6f33ea039b8d458314c94b0f5fb9f) Importer(815301076,1909f56bfc062723c751e8b465ee728b)
Start importing Assets/Assets/LowPolyLandscape/Meshes/Foliage/TreeBirch-02.fbx using Guid(7ba6f33ea039b8d458314c94b0f5fb9f) Importer(815301076,1909f56bfc062723c751e8b465ee728b)  -> (artifact id: 'b3383e056622a8fea646514ac54311c9') in 0.018131 seconds 
========================================================================
Received Import Request.
  Time since last request: 0.000199 seconds.
  path: Assets/Assets/LowPolyLandscape/Meshes/Foliage/Tree-02.fbx
  artifactKey: Guid(a8eb7b2b2f17d0648b7d3551b191de37) Importer(815301076,1909f56bfc062723c751e8b465ee728b)
Start importing Assets/Assets/LowPolyLandscape/Meshes/Foliage/Tree-02.fbx using Guid(a8eb7b2b2f17d0648b7d3551b191de37) Importer(815301076,1909f56bfc062723c751e8b465ee728b)  -> (artifact id: '1aa6b079eb3eaae0935f933532aa1a82') in 0.021425 seconds 
========================================================================
Received Import Request.
  Time since last request: 0.000169 seconds.
  path: Assets/Assets/LowPolyLandscape/Meshes/Foliage/TreeBirch-06.fbx
  artifactKey: Guid(638130edb319c3149bc631d88e6e3563) Importer(815301076,1909f56bfc062723c751e8b465ee728b)
Start importing Assets/Assets/LowPolyLandscape/Meshes/Foliage/TreeBirch-06.fbx using Guid(638130edb319c3149bc631d88e6e3563) Importer(815301076,1909f56bfc062723c751e8b465ee728b)  -> (artifact id: '01b48f922c7953f27d7ae1ba505f1c60') in 0.015738 seconds 
========================================================================
Received Import Request.
  Time since last request: 0.000162 seconds.
  path: Assets/Assets/LowPolyLandscape/Meshes/Foliage/Tree-04.fbx
  artifactKey: Guid(12edab2f697329d478b5a3089e01b8a9) Importer(815301076,1909f56bfc062723c751e8b465ee728b)
Start importing Assets/Assets/LowPolyLandscape/Meshes/Foliage/Tree-04.fbx using Guid(12edab2f697329d478b5a3089e01b8a9) Importer(815301076,1909f56bfc062723c751e8b465ee728b)  -> (artifact id: '69b8d6b59360e6dd79ca14ebca48769d') in 0.020699 seconds 
========================================================================
Received Import Request.
  Time since last request: 0.000158 seconds.
  path: Assets/Assets/LowPolyLandscape/Meshes/Foliage/Tree-05.fbx
  artifactKey: Guid(e492525c9f22f9b4eac0132f328ff4a2) Importer(815301076,1909f56bfc062723c751e8b465ee728b)
Start importing Assets/Assets/LowPolyLandscape/Meshes/Foliage/Tree-05.fbx using Guid(e492525c9f22f9b4eac0132f328ff4a2) Importer(815301076,1909f56bfc062723c751e8b465ee728b)  -> (artifact id: '0423adb4e4c90e898c91154058e0ed2e') in 0.021036 seconds 
========================================================================
Received Import Request.
  Time since last request: 7.930140 seconds.
  path: Assets/Assets/LowPolyLandscape/Meshes/Textures
  artifactKey: Guid(3d5e8cf5a969a2f49b8b0f13da214c43) Importer(815301076,1909f56bfc062723c751e8b465ee728b)
Start importing Assets/Assets/LowPolyLandscape/Meshes/Textures using Guid(3d5e8cf5a969a2f49b8b0f13da214c43) Importer(815301076,1909f56bfc062723c751e8b465ee728b)  -> (artifact id: '4b0bea5f1b060c8e071c5db571c9b940') in 0.002181 seconds 
========================================================================
Received Prepare
Refreshing native plugins compatible for Editor in 3.05 ms, found 2 plugins.
Preloading 0 native plugins for Editor in 0.00 ms.
Unloading 11 Unused Serialized files (Serialized files now loaded: 0)
System memory in use before: 53.9 MB.
System memory in use after: 54.0 MB.

Unloading 12 unused Assets to reduce memory usage. Loaded Objects now: 2560.
Total: 3.491300 ms (FindLiveObjects: 0.228700 ms CreateObjectMapping: 0.104100 ms MarkObjects: 3.137700 ms  DeleteObjects: 0.020000 ms)

AssetImportParameters requested are different than current active one (requested -> active):
  custom:framework-win-MediaFoundation: 216162199b28c13a410421893ffa2e32 -> 
  custom:video-decoder-ogg-theora: a1e56fd34408186e4bbccfd4996cb3dc -> 
  custom:container-muxer-webm: aa71ff27fc2769a1b78a27578f13a17b -> 
  custom:container-demuxer-webm: 4f35f7cbe854078d1ac9338744f61a02 -> 
  custom:container-demuxer-ogg: 62fdf1f143b41e24485cea50d1cbac27 -> 
  custom:video-encoder-webm-vp8: eb34c28f22e8b96e1ab97ce403110664 -> 
  custom:video-codec-MediaFoundation-h265: 746d11721c4dcdbdad8f713fa42b33f4 -> 
  custom:video-decoder-webm-vp8: 9c59270c3fd7afecdb556c50c9e8de78 -> 
  custom:audio-decoder-ogg-vorbis: bf7c407c2cedff20999df2af8eb42d56 -> 
  custom:audio-encoder-webm-vorbis: bf7c407c2cedff20999df2af8eb42d56 -> 
========================================================================
Received Import Request.
  Time since last request: 99.480603 seconds.
  path: Assets/Assets/LowPolyLandscape/Meshes/Foliage/ShrubShort-01.fbx
  artifactKey: Guid(5c21f3ee6a8b5654cb9eb0675bbf6a77) Importer(815301076,1909f56bfc062723c751e8b465ee728b)
Start importing Assets/Assets/LowPolyLandscape/Meshes/Foliage/ShrubShort-01.fbx using Guid(5c21f3ee6a8b5654cb9eb0675bbf6a77) Importer(815301076,1909f56bfc062723c751e8b465ee728b)  -> (artifact id: 'be64ad0cf9bbb4c0242649eac5915c49') in 0.021446 seconds 
========================================================================
Received Import Request.
  Time since last request: 0.000144 seconds.
  path: Assets/Assets/LowPolyLandscape/Meshes/Foliage/Grass-02.fbx
  artifactKey: Guid(3f0a8ea36d99f3d4ba369a37c6370c6c) Importer(815301076,1909f56bfc062723c751e8b465ee728b)
Start importing Assets/Assets/LowPolyLandscape/Meshes/Foliage/Grass-02.fbx using Guid(3f0a8ea36d99f3d4ba369a37c6370c6c) Importer(815301076,1909f56bfc062723c751e8b465ee728b)  -> (artifact id: 'd650d10c1c890d5d312bac097a590081') in 0.018266 seconds 
========================================================================
Received Import Request.
  Time since last request: 0.000147 seconds.
  path: Assets/Assets/LowPolyLandscape/Meshes/Foliage/MushroomThick-02.fbx
  artifactKey: Guid(65d162c23c4ecc44e8f879783eab03ab) Importer(815301076,1909f56bfc062723c751e8b465ee728b)
Start importing Assets/Assets/LowPolyLandscape/Meshes/Foliage/MushroomThick-02.fbx using Guid(65d162c23c4ecc44e8f879783eab03ab) Importer(815301076,1909f56bfc062723c751e8b465ee728b)  -> (artifact id: 'f30994d647ebf8cdf96979f145742136') in 0.025333 seconds 
========================================================================
Received Import Request.
  Time since last request: 0.000233 seconds.
  path: Assets/Assets/LowPolyLandscape/Meshes/Foliage/Grass-01.fbx
  artifactKey: Guid(cec2e927be9750f4e8bda3d39a717bdc) Importer(815301076,1909f56bfc062723c751e8b465ee728b)
Start importing Assets/Assets/LowPolyLandscape/Meshes/Foliage/Grass-01.fbx using Guid(cec2e927be9750f4e8bda3d39a717bdc) Importer(815301076,1909f56bfc062723c751e8b465ee728b)  -> (artifact id: '75c80e2c901d0c412f5bdfc465ec8c17') in 0.024955 seconds 
========================================================================
Received Import Request.
  Time since last request: 0.000134 seconds.
  path: Assets/Assets/LowPolyLandscape/Meshes/Foliage/MushroomRed-01.fbx
  artifactKey: Guid(bfd3093f8d87bd647a360679134282e5) Importer(815301076,1909f56bfc062723c751e8b465ee728b)
Start importing Assets/Assets/LowPolyLandscape/Meshes/Foliage/MushroomRed-01.fbx using Guid(bfd3093f8d87bd647a360679134282e5) Importer(815301076,1909f56bfc062723c751e8b465ee728b)  -> (artifact id: 'cd1cd49ae52c6d6b47d40c96d2d69410') in 0.021313 seconds 
========================================================================
Received Import Request.
  Time since last request: 0.000130 seconds.
  path: Assets/Assets/LowPolyLandscape/Meshes/Foliage/ShrubShort-03.fbx
  artifactKey: Guid(3e40d8bb0b538684dbd0290fa27e90cf) Importer(815301076,1909f56bfc062723c751e8b465ee728b)
Start importing Assets/Assets/LowPolyLandscape/Meshes/Foliage/ShrubShort-03.fbx using Guid(3e40d8bb0b538684dbd0290fa27e90cf) Importer(815301076,1909f56bfc062723c751e8b465ee728b)  -> (artifact id: '72d075224892551ac2543c3280501a3d') in 0.017659 seconds 
========================================================================
Received Import Request.
  Time since last request: 0.000124 seconds.
  path: Assets/Assets/LowPolyLandscape/Meshes/Foliage/Grass-03.fbx
  artifactKey: Guid(79b0917abad1f024ebae9aa8582b75c2) Importer(815301076,1909f56bfc062723c751e8b465ee728b)
Start importing Assets/Assets/LowPolyLandscape/Meshes/Foliage/Grass-03.fbx using Guid(79b0917abad1f024ebae9aa8582b75c2) Importer(815301076,1909f56bfc062723c751e8b465ee728b)  -> (artifact id: '5d858f4df96073456186ae0242513f95') in 0.017916 seconds 
========================================================================
Received Import Request.
  Time since last request: 0.000130 seconds.
  path: Assets/Assets/LowPolyLandscape/Meshes/Foliage/ShrubShort-02.fbx
  artifactKey: Guid(89ddc93f3fa736248a6d431f8eb1b9a5) Importer(815301076,1909f56bfc062723c751e8b465ee728b)
Start importing Assets/Assets/LowPolyLandscape/Meshes/Foliage/ShrubShort-02.fbx using Guid(89ddc93f3fa736248a6d431f8eb1b9a5) Importer(815301076,1909f56bfc062723c751e8b465ee728b)  -> (artifact id: 'b13f8f7a58d37cea4394b7534e02951b') in 0.018018 seconds 
========================================================================
Received Prepare
Registering precompiled user dll's ...
Registered in 0.004493 seconds.
Begin MonoManager ReloadAssembly
Native extension for WindowsStandalone target not found
Refreshing native plugins compatible for Editor in 0.47 ms, found 2 plugins.
Preloading 0 native plugins for Editor in 0.00 ms.
Mono: successfully reloaded assembly
- Completed reload, in  1.064 seconds
Domain Reload Profiling:
	ReloadAssembly (1065ms)
		BeginReloadAssembly (123ms)
			ExecutionOrderSort (0ms)
			DisableScriptedObjects (4ms)
			BackupInstance (0ms)
			ReleaseScriptingObjects (0ms)
			CreateAndSetChildDomain (37ms)
		EndReloadAssembly (878ms)
			LoadAssemblies (95ms)
			RebuildTransferFunctionScriptingTraits (0ms)
			SetupTypeCache (307ms)
			ReleaseScriptCaches (1ms)
			RebuildScriptCaches (45ms)
			SetupLoadedEditorAssemblies (336ms)
				LogAssemblyErrors (0ms)
				InitializePlatformSupportModulesInManaged (4ms)
				SetLoadedEditorAssemblies (1ms)
				RefreshPlugins (1ms)
				BeforeProcessingInitializeOnLoad (53ms)
				ProcessInitializeOnLoadAttributes (257ms)
				ProcessInitializeOnLoadMethodAttributes (15ms)
				AfterProcessingInitializeOnLoad (5ms)
				EditorAssembliesLoaded (0ms)
			ExecutionOrderSort2 (0ms)
			AwakeInstancesAfterBackupRestoration (2ms)
Platform modules already initialized, skipping
Refreshing native plugins compatible for Editor in 0.49 ms, found 2 plugins.
Preloading 0 native plugins for Editor in 0.00 ms.
Unloading 2162 Unused Serialized files (Serialized files now loaded: 0)
System memory in use before: 97.6 MB.
System memory in use after: 97.7 MB.

Unloading 18 unused Assets to reduce memory usage. Loaded Objects now: 2665.
Total: 3.352500 ms (FindLiveObjects: 0.173000 ms CreateObjectMapping: 0.092300 ms MarkObjects: 2.940500 ms  DeleteObjects: 0.145800 ms)

AssetImportParameters requested are different than current active one (requested -> active):
  custom:framework-win-MediaFoundation: 216162199b28c13a410421893ffa2e32 -> 
  custom:video-decoder-ogg-theora: a1e56fd34408186e4bbccfd4996cb3dc -> 
  custom:container-muxer-webm: aa71ff27fc2769a1b78a27578f13a17b -> 
  custom:container-demuxer-webm: 4f35f7cbe854078d1ac9338744f61a02 -> 
  custom:container-demuxer-ogg: 62fdf1f143b41e24485cea50d1cbac27 -> 
  custom:video-encoder-webm-vp8: eb34c28f22e8b96e1ab97ce403110664 -> 
  custom:video-codec-MediaFoundation-h265: 746d11721c4dcdbdad8f713fa42b33f4 -> 
  custom:video-decoder-webm-vp8: 9c59270c3fd7afecdb556c50c9e8de78 -> 
  custom:audio-decoder-ogg-vorbis: bf7c407c2cedff20999df2af8eb42d56 -> 
  custom:audio-encoder-webm-vorbis: bf7c407c2cedff20999df2af8eb42d56 -> 
========================================================================
Received Import Request.
  Time since last request: 101.098070 seconds.
  path: Assets/Assets/LowPolyLandscape/Meshes/Foliage/Grass-01.fbx
  artifactKey: Guid(cec2e927be9750f4e8bda3d39a717bdc) Importer(815301076,1909f56bfc062723c751e8b465ee728b)
Start importing Assets/Assets/LowPolyLandscape/Meshes/Foliage/Grass-01.fbx using Guid(cec2e927be9750f4e8bda3d39a717bdc) Importer(815301076,1909f56bfc062723c751e8b465ee728b)  -> (artifact id: 'b47090f16cf8001c21af54e31bc98145') in 0.093425 seconds 
========================================================================
Received Import Request.
  Time since last request: 0.000230 seconds.
  path: Assets/Assets/LowPolyLandscape/Meshes/Foliage/Tree-05.fbx
  artifactKey: Guid(e492525c9f22f9b4eac0132f328ff4a2) Importer(815301076,1909f56bfc062723c751e8b465ee728b)
Start importing Assets/Assets/LowPolyLandscape/Meshes/Foliage/Tree-05.fbx using Guid(e492525c9f22f9b4eac0132f328ff4a2) Importer(815301076,1909f56bfc062723c751e8b465ee728b)  -> (artifact id: '84aec37d6f77b23cb7db8289a1e65944') in 0.018881 seconds 
========================================================================
Received Import Request.
  Time since last request: 0.000216 seconds.
  path: Assets/Assets/LowPolyLandscape/Meshes/Foliage/Tree-03.fbx
  artifactKey: Guid(7f5ced8457a89bc4c813c6b1b88def20) Importer(815301076,1909f56bfc062723c751e8b465ee728b)
Start importing Assets/Assets/LowPolyLandscape/Meshes/Foliage/Tree-03.fbx using Guid(7f5ced8457a89bc4c813c6b1b88def20) Importer(815301076,1909f56bfc062723c751e8b465ee728b)  -> (artifact id: '9677aceca66c133055d8840049a69c10') in 0.017345 seconds 
========================================================================
Received Import Request.
  Time since last request: 0.000220 seconds.
  path: Assets/Assets/LowPolyLandscape/Meshes/Foliage/ShrubShort-01.fbx
  artifactKey: Guid(5c21f3ee6a8b5654cb9eb0675bbf6a77) Importer(815301076,1909f56bfc062723c751e8b465ee728b)
Start importing Assets/Assets/LowPolyLandscape/Meshes/Foliage/ShrubShort-01.fbx using Guid(5c21f3ee6a8b5654cb9eb0675bbf6a77) Importer(815301076,1909f56bfc062723c751e8b465ee728b)  -> (artifact id: 'e1a3d1e337edcec4a5cc1d76018f9320') in 0.029273 seconds 
========================================================================
Received Import Request.
  Time since last request: 0.000248 seconds.
  path: Assets/Assets/LowPolyLandscape/Meshes/Foliage/Grass-02.fbx
  artifactKey: Guid(3f0a8ea36d99f3d4ba369a37c6370c6c) Importer(815301076,1909f56bfc062723c751e8b465ee728b)
Start importing Assets/Assets/LowPolyLandscape/Meshes/Foliage/Grass-02.fbx using Guid(3f0a8ea36d99f3d4ba369a37c6370c6c) Importer(815301076,1909f56bfc062723c751e8b465ee728b)  -> (artifact id: '1d3fc7f2269f02f9305747525157d4f9') in 0.020766 seconds 
========================================================================
Received Import Request.
  Time since last request: 0.000189 seconds.
  path: Assets/Assets/LowPolyLandscape/Meshes/Foliage/MushroomThick-02.fbx
  artifactKey: Guid(65d162c23c4ecc44e8f879783eab03ab) Importer(815301076,1909f56bfc062723c751e8b465ee728b)
Start importing Assets/Assets/LowPolyLandscape/Meshes/Foliage/MushroomThick-02.fbx using Guid(65d162c23c4ecc44e8f879783eab03ab) Importer(815301076,1909f56bfc062723c751e8b465ee728b)  -> (artifact id: 'd72277bcf4354f60657a830b60171f28') in 0.028532 seconds 
========================================================================
Received Import Request.
  Time since last request: 0.000220 seconds.
  path: Assets/Assets/LowPolyLandscape/Meshes/Foliage/Tree-01.fbx
  artifactKey: Guid(e9eedf225d8bdf642b0f773dc33a7285) Importer(815301076,1909f56bfc062723c751e8b465ee728b)
Start importing Assets/Assets/LowPolyLandscape/Meshes/Foliage/Tree-01.fbx using Guid(e9eedf225d8bdf642b0f773dc33a7285) Importer(815301076,1909f56bfc062723c751e8b465ee728b)  -> (artifact id: '87e1edce9fc063d0f453dbd9ce06452f') in 0.021169 seconds 
========================================================================
Received Import Request.
  Time since last request: 0.000323 seconds.
  path: Assets/Assets/LowPolyLandscape/Meshes/Foliage/MushroomRed-01.fbx
  artifactKey: Guid(bfd3093f8d87bd647a360679134282e5) Importer(815301076,1909f56bfc062723c751e8b465ee728b)
Start importing Assets/Assets/LowPolyLandscape/Meshes/Foliage/MushroomRed-01.fbx using Guid(bfd3093f8d87bd647a360679134282e5) Importer(815301076,1909f56bfc062723c751e8b465ee728b)  -> (artifact id: '2a88f1fa2a683f0fe93b54f7dfd6f83d') in 0.022224 seconds 
========================================================================
Received Import Request.
  Time since last request: 0.000202 seconds.
  path: Assets/Assets/LowPolyLandscape/Meshes/Foliage/ShrubShort-03.fbx
  artifactKey: Guid(3e40d8bb0b538684dbd0290fa27e90cf) Importer(815301076,1909f56bfc062723c751e8b465ee728b)
Start importing Assets/Assets/LowPolyLandscape/Meshes/Foliage/ShrubShort-03.fbx using Guid(3e40d8bb0b538684dbd0290fa27e90cf) Importer(815301076,1909f56bfc062723c751e8b465ee728b)  -> (artifact id: 'a15c644ec4212729d4fcfbd8ce9acdf8') in 0.021128 seconds 
========================================================================
Received Import Request.
  Time since last request: 0.000155 seconds.
  path: Assets/Assets/LowPolyLandscape/Meshes/Foliage/TreeBirch-02.fbx
  artifactKey: Guid(7ba6f33ea039b8d458314c94b0f5fb9f) Importer(815301076,1909f56bfc062723c751e8b465ee728b)
Start importing Assets/Assets/LowPolyLandscape/Meshes/Foliage/TreeBirch-02.fbx using Guid(7ba6f33ea039b8d458314c94b0f5fb9f) Importer(815301076,1909f56bfc062723c751e8b465ee728b)  -> (artifact id: '29cf1ece5a7b5884a209c124001ffa22') in 0.017363 seconds 
========================================================================
Received Import Request.
  Time since last request: 0.000193 seconds.
  path: Assets/Assets/LowPolyLandscape/Meshes/Foliage/Tree-02.fbx
  artifactKey: Guid(a8eb7b2b2f17d0648b7d3551b191de37) Importer(815301076,1909f56bfc062723c751e8b465ee728b)
Start importing Assets/Assets/LowPolyLandscape/Meshes/Foliage/Tree-02.fbx using Guid(a8eb7b2b2f17d0648b7d3551b191de37) Importer(815301076,1909f56bfc062723c751e8b465ee728b)  -> (artifact id: '46465dc3daa352600e90104136c62426') in 0.015689 seconds 
========================================================================
Received Import Request.
  Time since last request: 0.000151 seconds.
  path: Assets/Assets/LowPolyLandscape/Meshes/Foliage/TreeBirch-06.fbx
  artifactKey: Guid(638130edb319c3149bc631d88e6e3563) Importer(815301076,1909f56bfc062723c751e8b465ee728b)
Start importing Assets/Assets/LowPolyLandscape/Meshes/Foliage/TreeBirch-06.fbx using Guid(638130edb319c3149bc631d88e6e3563) Importer(815301076,1909f56bfc062723c751e8b465ee728b)  -> (artifact id: '08bede740dc2d12be04fa73bb7781780') in 0.015348 seconds 
========================================================================
Received Import Request.
  Time since last request: 0.000120 seconds.
  path: Assets/Assets/LowPolyLandscape/Meshes/Foliage/Tree-04.fbx
  artifactKey: Guid(12edab2f697329d478b5a3089e01b8a9) Importer(815301076,1909f56bfc062723c751e8b465ee728b)
Start importing Assets/Assets/LowPolyLandscape/Meshes/Foliage/Tree-04.fbx using Guid(12edab2f697329d478b5a3089e01b8a9) Importer(815301076,1909f56bfc062723c751e8b465ee728b)  -> (artifact id: '27137d4e982d745fb3f74f020b655e82') in 0.015138 seconds 
========================================================================
Received Import Request.
  Time since last request: 0.000159 seconds.
  path: Assets/Assets/LowPolyLandscape/Meshes/Foliage/Grass-03.fbx
  artifactKey: Guid(79b0917abad1f024ebae9aa8582b75c2) Importer(815301076,1909f56bfc062723c751e8b465ee728b)
Start importing Assets/Assets/LowPolyLandscape/Meshes/Foliage/Grass-03.fbx using Guid(79b0917abad1f024ebae9aa8582b75c2) Importer(815301076,1909f56bfc062723c751e8b465ee728b)  -> (artifact id: 'd6ea6621974163002db2a417e09248bb') in 0.018894 seconds 
========================================================================
Received Import Request.
  Time since last request: 0.000180 seconds.
  path: Assets/Assets/LowPolyLandscape/Meshes/Foliage/ShrubShort-02.fbx
  artifactKey: Guid(89ddc93f3fa736248a6d431f8eb1b9a5) Importer(815301076,1909f56bfc062723c751e8b465ee728b)
Start importing Assets/Assets/LowPolyLandscape/Meshes/Foliage/ShrubShort-02.fbx using Guid(89ddc93f3fa736248a6d431f8eb1b9a5) Importer(815301076,1909f56bfc062723c751e8b465ee728b)  -> (artifact id: '558180f2612676c1bd319a1873046558') in 0.029772 seconds 
========================================================================
Received Prepare
Registering precompiled user dll's ...
Registered in 0.003211 seconds.
Begin MonoManager ReloadAssembly
Native extension for WindowsStandalone target not found
Refreshing native plugins compatible for Editor in 0.58 ms, found 2 plugins.
Preloading 0 native plugins for Editor in 0.00 ms.
Mono: successfully reloaded assembly
- Completed reload, in  1.137 seconds
Domain Reload Profiling:
	ReloadAssembly (1137ms)
		BeginReloadAssembly (132ms)
			ExecutionOrderSort (0ms)
			DisableScriptedObjects (4ms)
			BackupInstance (0ms)
			ReleaseScriptingObjects (0ms)
			CreateAndSetChildDomain (42ms)
		EndReloadAssembly (927ms)
			LoadAssemblies (109ms)
			RebuildTransferFunctionScriptingTraits (0ms)
			SetupTypeCache (326ms)
			ReleaseScriptCaches (1ms)
			RebuildScriptCaches (50ms)
			SetupLoadedEditorAssemblies (347ms)
				LogAssemblyErrors (0ms)
				InitializePlatformSupportModulesInManaged (4ms)
				SetLoadedEditorAssemblies (1ms)
				RefreshPlugins (1ms)
				BeforeProcessingInitializeOnLoad (58ms)
				ProcessInitializeOnLoadAttributes (263ms)
				ProcessInitializeOnLoadMethodAttributes (15ms)
				AfterProcessingInitializeOnLoad (5ms)
				EditorAssembliesLoaded (0ms)
			ExecutionOrderSort2 (0ms)
			AwakeInstancesAfterBackupRestoration (2ms)
Platform modules already initialized, skipping
Refreshing native plugins compatible for Editor in 0.60 ms, found 2 plugins.
Preloading 0 native plugins for Editor in 0.00 ms.
Unloading 2163 Unused Serialized files (Serialized files now loaded: 0)
System memory in use before: 97.9 MB.
System memory in use after: 98.0 MB.

Unloading 18 unused Assets to reduce memory usage. Loaded Objects now: 2670.
Total: 3.750200 ms (FindLiveObjects: 0.198100 ms CreateObjectMapping: 0.115800 ms MarkObjects: 3.320100 ms  DeleteObjects: 0.115000 ms)

AssetImportParameters requested are different than current active one (requested -> active):
  custom:framework-win-MediaFoundation: 216162199b28c13a410421893ffa2e32 -> 
  custom:video-decoder-ogg-theora: a1e56fd34408186e4bbccfd4996cb3dc -> 
  custom:container-muxer-webm: aa71ff27fc2769a1b78a27578f13a17b -> 
  custom:container-demuxer-webm: 4f35f7cbe854078d1ac9338744f61a02 -> 
  custom:container-demuxer-ogg: 62fdf1f143b41e24485cea50d1cbac27 -> 
  custom:video-encoder-webm-vp8: eb34c28f22e8b96e1ab97ce403110664 -> 
  custom:video-codec-MediaFoundation-h265: 746d11721c4dcdbdad8f713fa42b33f4 -> 
  custom:video-decoder-webm-vp8: 9c59270c3fd7afecdb556c50c9e8de78 -> 
  custom:audio-decoder-ogg-vorbis: bf7c407c2cedff20999df2af8eb42d56 -> 
  custom:audio-encoder-webm-vorbis: bf7c407c2cedff20999df2af8eb42d56 -> 
========================================================================
Received Import Request.
  Time since last request: 78.443423 seconds.
  path: Assets/Polybrush Data
  artifactKey: Guid(6f122c5b9d7280143abb35e58b728647) Importer(815301076,1909f56bfc062723c751e8b465ee728b)
Start importing Assets/Polybrush Data using Guid(6f122c5b9d7280143abb35e58b728647) Importer(815301076,1909f56bfc062723c751e8b465ee728b)  -> (artifact id: 'd739b4fce79215827662efbf375bb2c3') in 0.005968 seconds 
========================================================================
Received Import Request.
  Time since last request: 0.779530 seconds.
  path: Assets/Polybrush Data/Prefab Palette
  artifactKey: Guid(58d7fae5fe230fe45aa92e47528f872e) Importer(815301076,1909f56bfc062723c751e8b465ee728b)
Start importing Assets/Polybrush Data/Prefab Palette using Guid(58d7fae5fe230fe45aa92e47528f872e) Importer(815301076,1909f56bfc062723c751e8b465ee728b)  -> (artifact id: 'a12c517000e862fcc964164daef080ab') in 0.002384 seconds 
========================================================================
Received Import Request.
  Time since last request: 0.330491 seconds.
  path: Assets/Polybrush Data/Brush Settings
  artifactKey: Guid(01cf7d2c6b568a04ba774f0bc686f4d8) Importer(815301076,1909f56bfc062723c751e8b465ee728b)
Start importing Assets/Polybrush Data/Brush Settings using Guid(01cf7d2c6b568a04ba774f0bc686f4d8) Importer(815301076,1909f56bfc062723c751e8b465ee728b)  -> (artifact id: 'c28cf44d72209b14dc4b327af35b9153') in 0.002313 seconds 
========================================================================
Received Import Request.
  Time since last request: 0.043104 seconds.
  path: Assets/Polybrush Data/Brush Settings/BrushSettings-Default.asset
  artifactKey: Guid(735e5a2dd968e74478adc63274ad38c3) Importer(815301076,1909f56bfc062723c751e8b465ee728b)
Start importing Assets/Polybrush Data/Brush Settings/BrushSettings-Default.asset using Guid(735e5a2dd968e74478adc63274ad38c3) Importer(815301076,1909f56bfc062723c751e8b465ee728b)  -> (artifact id: '69d01743bec1af68dcae78fb53353703') in 0.014208 seconds 
========================================================================
Received Prepare
Registering precompiled user dll's ...
Registered in 0.003091 seconds.
Begin MonoManager ReloadAssembly
Native extension for WindowsStandalone target not found
Refreshing native plugins compatible for Editor in 0.58 ms, found 2 plugins.
Preloading 0 native plugins for Editor in 0.00 ms.
Mono: successfully reloaded assembly
- Completed reload, in  1.117 seconds
Domain Reload Profiling:
	ReloadAssembly (1118ms)
		BeginReloadAssembly (121ms)
			ExecutionOrderSort (0ms)
			DisableScriptedObjects (5ms)
			BackupInstance (0ms)
			ReleaseScriptingObjects (0ms)
			CreateAndSetChildDomain (37ms)
		EndReloadAssembly (933ms)
			LoadAssemblies (98ms)
			RebuildTransferFunctionScriptingTraits (0ms)
			SetupTypeCache (315ms)
			ReleaseScriptCaches (1ms)
			RebuildScriptCaches (48ms)
			SetupLoadedEditorAssemblies (368ms)
				LogAssemblyErrors (0ms)
				InitializePlatformSupportModulesInManaged (4ms)
				SetLoadedEditorAssemblies (1ms)
				RefreshPlugins (1ms)
				BeforeProcessingInitializeOnLoad (60ms)
				ProcessInitializeOnLoadAttributes (281ms)
				ProcessInitializeOnLoadMethodAttributes (16ms)
				AfterProcessingInitializeOnLoad (6ms)
				EditorAssembliesLoaded (0ms)
			ExecutionOrderSort2 (0ms)
			AwakeInstancesAfterBackupRestoration (2ms)
Platform modules already initialized, skipping
Refreshing native plugins compatible for Editor in 0.56 ms, found 2 plugins.
Preloading 0 native plugins for Editor in 0.00 ms.
Unloading 2162 Unused Serialized files (Serialized files now loaded: 0)
System memory in use before: 97.9 MB.
System memory in use after: 98.0 MB.

Unloading 18 unused Assets to reduce memory usage. Loaded Objects now: 2673.
Total: 3.368400 ms (FindLiveObjects: 0.264400 ms CreateObjectMapping: 0.121700 ms MarkObjects: 2.884300 ms  DeleteObjects: 0.097000 ms)

AssetImportParameters requested are different than current active one (requested -> active):
  custom:framework-win-MediaFoundation: 216162199b28c13a410421893ffa2e32 -> 
  custom:video-decoder-ogg-theora: a1e56fd34408186e4bbccfd4996cb3dc -> 
  custom:container-muxer-webm: aa71ff27fc2769a1b78a27578f13a17b -> 
  custom:container-demuxer-webm: 4f35f7cbe854078d1ac9338744f61a02 -> 
  custom:container-demuxer-ogg: 62fdf1f143b41e24485cea50d1cbac27 -> 
  custom:video-encoder-webm-vp8: eb34c28f22e8b96e1ab97ce403110664 -> 
  custom:video-codec-MediaFoundation-h265: 746d11721c4dcdbdad8f713fa42b33f4 -> 
  custom:video-decoder-webm-vp8: 9c59270c3fd7afecdb556c50c9e8de78 -> 
  custom:audio-decoder-ogg-vorbis: bf7c407c2cedff20999df2af8eb42d56 -> 
  custom:audio-encoder-webm-vorbis: bf7c407c2cedff20999df2af8eb42d56 -> 
========================================================================
Received Import Request.
  Time since last request: 246.439546 seconds.
  path: Assets/Assets/Weapons
  artifactKey: Guid(ef6052be1b08f8d4785d693d49b82867) Importer(815301076,1909f56bfc062723c751e8b465ee728b)
Start importing Assets/Assets/Weapons using Guid(ef6052be1b08f8d4785d693d49b82867) Importer(815301076,1909f56bfc062723c751e8b465ee728b)  -> (artifact id: '92952501245ab13cb096f8d6d1a2a21a') in 0.006621 seconds 
========================================================================
Received Import Request.
  Time since last request: 8.245928 seconds.
  path: Assets/Scenes/newscene 1.unity
  artifactKey: Guid(a35beb5c2b162e4468cb7526bef08f4b) Importer(815301076,1909f56bfc062723c751e8b465ee728b)
Start importing Assets/Scenes/newscene 1.unity using Guid(a35beb5c2b162e4468cb7526bef08f4b) Importer(815301076,1909f56bfc062723c751e8b465ee728b)  -> (artifact id: '53f192e00a00a6341ee13087566b23ff') in 0.002335 seconds 
========================================================================
Received Prepare
Registering precompiled user dll's ...
Registered in 0.003241 seconds.
Begin MonoManager ReloadAssembly
Native extension for WindowsStandalone target not found
Refreshing native plugins compatible for Editor in 0.51 ms, found 2 plugins.
Preloading 0 native plugins for Editor in 0.00 ms.
Mono: successfully reloaded assembly
- Completed reload, in  1.162 seconds
Domain Reload Profiling:
	ReloadAssembly (1163ms)
		BeginReloadAssembly (129ms)
			ExecutionOrderSort (0ms)
			DisableScriptedObjects (5ms)
			BackupInstance (0ms)
			ReleaseScriptingObjects (0ms)
			CreateAndSetChildDomain (40ms)
		EndReloadAssembly (966ms)
			LoadAssemblies (108ms)
			RebuildTransferFunctionScriptingTraits (0ms)
			SetupTypeCache (339ms)
			ReleaseScriptCaches (1ms)
			RebuildScriptCaches (52ms)
			SetupLoadedEditorAssemblies (369ms)
				LogAssemblyErrors (0ms)
				InitializePlatformSupportModulesInManaged (5ms)
				SetLoadedEditorAssemblies (1ms)
				RefreshPlugins (1ms)
				BeforeProcessingInitializeOnLoad (60ms)
				ProcessInitializeOnLoadAttributes (281ms)
				ProcessInitializeOnLoadMethodAttributes (17ms)
				AfterProcessingInitializeOnLoad (5ms)
				EditorAssembliesLoaded (0ms)
			ExecutionOrderSort2 (0ms)
			AwakeInstancesAfterBackupRestoration (2ms)
Platform modules already initialized, skipping
Refreshing native plugins compatible for Editor in 0.48 ms, found 2 plugins.
Preloading 0 native plugins for Editor in 0.00 ms.
Unloading 2162 Unused Serialized files (Serialized files now loaded: 0)
System memory in use before: 98.0 MB.
System memory in use after: 98.0 MB.

Unloading 18 unused Assets to reduce memory usage. Loaded Objects now: 2676.
Total: 3.579400 ms (FindLiveObjects: 0.193500 ms CreateObjectMapping: 0.105500 ms MarkObjects: 3.173100 ms  DeleteObjects: 0.106400 ms)

AssetImportParameters requested are different than current active one (requested -> active):
  custom:framework-win-MediaFoundation: 216162199b28c13a410421893ffa2e32 -> 
  custom:video-decoder-ogg-theora: a1e56fd34408186e4bbccfd4996cb3dc -> 
  custom:container-muxer-webm: aa71ff27fc2769a1b78a27578f13a17b -> 
  custom:container-demuxer-webm: 4f35f7cbe854078d1ac9338744f61a02 -> 
  custom:container-demuxer-ogg: 62fdf1f143b41e24485cea50d1cbac27 -> 
  custom:video-encoder-webm-vp8: eb34c28f22e8b96e1ab97ce403110664 -> 
  custom:video-codec-MediaFoundation-h265: 746d11721c4dcdbdad8f713fa42b33f4 -> 
  custom:video-decoder-webm-vp8: 9c59270c3fd7afecdb556c50c9e8de78 -> 
  custom:audio-decoder-ogg-vorbis: bf7c407c2cedff20999df2af8eb42d56 -> 
  custom:audio-encoder-webm-vorbis: bf7c407c2cedff20999df2af8eb42d56 -> 
========================================================================
Received Prepare
Registering precompiled user dll's ...
Registered in 0.003250 seconds.
Begin MonoManager ReloadAssembly
Native extension for WindowsStandalone target not found
Refreshing native plugins compatible for Editor in 0.56 ms, found 2 plugins.
Preloading 0 native plugins for Editor in 0.00 ms.
Mono: successfully reloaded assembly
- Completed reload, in  1.139 seconds
Domain Reload Profiling:
	ReloadAssembly (1139ms)
		BeginReloadAssembly (117ms)
			ExecutionOrderSort (0ms)
			DisableScriptedObjects (5ms)
			BackupInstance (0ms)
			ReleaseScriptingObjects (0ms)
			CreateAndSetChildDomain (34ms)
		EndReloadAssembly (959ms)
			LoadAssemblies (99ms)
			RebuildTransferFunctionScriptingTraits (0ms)
			SetupTypeCache (336ms)
			ReleaseScriptCaches (1ms)
			RebuildScriptCaches (49ms)
			SetupLoadedEditorAssemblies (369ms)
				LogAssemblyErrors (0ms)
				InitializePlatformSupportModulesInManaged (4ms)
				SetLoadedEditorAssemblies (1ms)
				RefreshPlugins (1ms)
				BeforeProcessingInitializeOnLoad (60ms)
				ProcessInitializeOnLoadAttributes (283ms)
				ProcessInitializeOnLoadMethodAttributes (16ms)
				AfterProcessingInitializeOnLoad (5ms)
				EditorAssembliesLoaded (0ms)
			ExecutionOrderSort2 (0ms)
			AwakeInstancesAfterBackupRestoration (2ms)
Platform modules already initialized, skipping
Refreshing native plugins compatible for Editor in 0.50 ms, found 2 plugins.
Preloading 0 native plugins for Editor in 0.00 ms.
Unloading 2162 Unused Serialized files (Serialized files now loaded: 0)
System memory in use before: 98.0 MB.
System memory in use after: 98.0 MB.

Unloading 18 unused Assets to reduce memory usage. Loaded Objects now: 2679.
Total: 3.621200 ms (FindLiveObjects: 0.218800 ms CreateObjectMapping: 0.130500 ms MarkObjects: 3.165700 ms  DeleteObjects: 0.105400 ms)

AssetImportParameters requested are different than current active one (requested -> active):
  custom:framework-win-MediaFoundation: 216162199b28c13a410421893ffa2e32 -> 
  custom:video-decoder-ogg-theora: a1e56fd34408186e4bbccfd4996cb3dc -> 
  custom:container-muxer-webm: aa71ff27fc2769a1b78a27578f13a17b -> 
  custom:container-demuxer-webm: 4f35f7cbe854078d1ac9338744f61a02 -> 
  custom:container-demuxer-ogg: 62fdf1f143b41e24485cea50d1cbac27 -> 
  custom:video-encoder-webm-vp8: eb34c28f22e8b96e1ab97ce403110664 -> 
  custom:video-codec-MediaFoundation-h265: 746d11721c4dcdbdad8f713fa42b33f4 -> 
  custom:video-decoder-webm-vp8: 9c59270c3fd7afecdb556c50c9e8de78 -> 
  custom:audio-decoder-ogg-vorbis: bf7c407c2cedff20999df2af8eb42d56 -> 
  custom:audio-encoder-webm-vorbis: bf7c407c2cedff20999df2af8eb42d56 -> 
========================================================================
Received Import Request.
  Time since last request: 715.779158 seconds.
  path: Assets/Polybrush Data/Color Palette/ColorPalette-Default.asset
  artifactKey: Guid(279efbdc0167974429b7f147d747a0ff) Importer(815301076,1909f56bfc062723c751e8b465ee728b)
Start importing Assets/Polybrush Data/Color Palette/ColorPalette-Default.asset using Guid(279efbdc0167974429b7f147d747a0ff) Importer(815301076,1909f56bfc062723c751e8b465ee728b)  -> (artifact id: '45bc5dfa4946ebff154475284d6be269') in 0.020035 seconds 
========================================================================
Received Import Request.
  Time since last request: 0.000191 seconds.
  path: Assets/Polybrush Data/Color Palette/New Color Palette.asset
  artifactKey: Guid(070cc27dd1ce96d428aebdaf8e46b635) Importer(815301076,1909f56bfc062723c751e8b465ee728b)
Start importing Assets/Polybrush Data/Color Palette/New Color Palette.asset using Guid(070cc27dd1ce96d428aebdaf8e46b635) Importer(815301076,1909f56bfc062723c751e8b465ee728b)  -> (artifact id: '27b6ed37d656e196c936f37b09f05687') in 0.002855 seconds 
========================================================================
Received Import Request.
  Time since last request: 82.683753 seconds.
  path: Assets/Material/New Material.mat
  artifactKey: Guid(660b655d94d66e44cbdd48b6f3ce3ade) Importer(815301076,1909f56bfc062723c751e8b465ee728b)
Start importing Assets/Material/New Material.mat using Guid(660b655d94d66e44cbdd48b6f3ce3ade) Importer(815301076,1909f56bfc062723c751e8b465ee728b)  -> (artifact id: '19ca3bb2512605085f6f68f2a8eba0f4') in 0.059742 seconds 
========================================================================
Received Import Request.
  Time since last request: 46.432569 seconds.
  path: Assets/Assets/Player/Character/FPS_CHAR_EXP (1).fbx
  artifactKey: Guid(dc320f1f16a84ab40a38dad7500e2ed5) Importer(815301076,1909f56bfc062723c751e8b465ee728b)
Start importing Assets/Assets/Player/Character/FPS_CHAR_EXP (1).fbx using Guid(dc320f1f16a84ab40a38dad7500e2ed5) Importer(815301076,1909f56bfc062723c751e8b465ee728b)  -> (artifact id: 'c2de017d12e55d90934d9b1898ed075b') in 0.068618 seconds 
========================================================================
Received Import Request.
  Time since last request: 0.000188 seconds.
  path: Assets/Assets/LowPolyLandscape/Meshes/Materials/TreeColors_A.mat
  artifactKey: Guid(1078f8756d8f5fd47b7fef4f7a3cc490) Importer(815301076,1909f56bfc062723c751e8b465ee728b)
Start importing Assets/Assets/LowPolyLandscape/Meshes/Materials/TreeColors_A.mat using Guid(1078f8756d8f5fd47b7fef4f7a3cc490) Importer(815301076,1909f56bfc062723c751e8b465ee728b)  -> (artifact id: '4ad87160f0df0f5362f050c3d7ac2a26') in 0.048028 seconds 
========================================================================
Received Import Request.
  Time since last request: 0.000183 seconds.
  path: Assets/Assets/Player/FPS/Hands (1).fbx
  artifactKey: Guid(225c9fa9ee0db434cb43b0be53624ba5) Importer(815301076,1909f56bfc062723c751e8b465ee728b)
Start importing Assets/Assets/Player/FPS/Hands (1).fbx using Guid(225c9fa9ee0db434cb43b0be53624ba5) Importer(815301076,1909f56bfc062723c751e8b465ee728b)  -> (artifact id: '90d8621099c8be81f853dbaf4ff00419') in 0.026737 seconds 
========================================================================
Received Import Request.
  Time since last request: 0.000208 seconds.
  path: Assets/Assets/Weapons/PM.fbx
  artifactKey: Guid(5a19c903a12f54d429e9fcfba34a2501) Importer(815301076,1909f56bfc062723c751e8b465ee728b)
Start importing Assets/Assets/Weapons/PM.fbx using Guid(5a19c903a12f54d429e9fcfba34a2501) Importer(815301076,1909f56bfc062723c751e8b465ee728b)  -> (artifact id: 'a9c27d3b86d82a6fadd0722073391509') in 0.015577 seconds 
========================================================================
Received Import Request.
  Time since last request: 317.801490 seconds.
  path: Assets/Polybrush Data/Color Palette
  artifactKey: Guid(91197dff7ce4ca44ba57c5065cbce148) Importer(815301076,1909f56bfc062723c751e8b465ee728b)
Start importing Assets/Polybrush Data/Color Palette using Guid(91197dff7ce4ca44ba57c5065cbce148) Importer(815301076,1909f56bfc062723c751e8b465ee728b)  -> (artifact id: 'eeb0805e6c99927f8e703d377214fc8f') in 0.002498 seconds 
========================================================================
Received Import Request.
  Time since last request: 3.034055 seconds.
  path: Assets/Polybrush Data/Prefab Palette/PrefabPalette-Default.asset
  artifactKey: Guid(3b2adc2c944d20c4bab1de2eb961e285) Importer(815301076,1909f56bfc062723c751e8b465ee728b)
Start importing Assets/Polybrush Data/Prefab Palette/PrefabPalette-Default.asset using Guid(3b2adc2c944d20c4bab1de2eb961e285) Importer(815301076,1909f56bfc062723c751e8b465ee728b)  -> (artifact id: '9279bfc308269b7a59cd03d630cd7d64') in 0.005895 seconds 
========================================================================
Received Import Request.
  Time since last request: 14.174788 seconds.
  path: Assets/Assets/Weapons/AK47.fbx
  artifactKey: Guid(660b9ce67ff895541b5622a75484d3d4) Importer(815301076,1909f56bfc062723c751e8b465ee728b)
Start importing Assets/Assets/Weapons/AK47.fbx using Guid(660b9ce67ff895541b5622a75484d3d4) Importer(815301076,1909f56bfc062723c751e8b465ee728b)  -> (artifact id: '898d50da2049a180b19a2b5a72dfdf0f') in 0.031512 seconds 
========================================================================
Received Import Request.
  Time since last request: 0.000200 seconds.
  path: Packages/com.unity.connect.share/UI/MaterialIcons-Regular.ttf
  artifactKey: Guid(f7f3465ef34b34633aea2c0de2e88bdb) Importer(815301076,1909f56bfc062723c751e8b465ee728b)
Start importing Packages/com.unity.connect.share/UI/MaterialIcons-Regular.ttf using Guid(f7f3465ef34b34633aea2c0de2e88bdb) Importer(815301076,1909f56bfc062723c751e8b465ee728b)  -> (artifact id: '00af7e510c237d023157a132c3782cd1') in 0.034828 seconds 
========================================================================
Received Import Request.
  Time since last request: 4.558934 seconds.
  path: Assets/Assets/Player/Character/Fast Run.fbx
  artifactKey: Guid(2043941a2dd4a7b4e989ac694ff247fa) Importer(815301076,1909f56bfc062723c751e8b465ee728b)
Start importing Assets/Assets/Player/Character/Fast Run.fbx using Guid(2043941a2dd4a7b4e989ac694ff247fa) Importer(815301076,1909f56bfc062723c751e8b465ee728b)  -> (artifact id: '93b4f0416201e6041ab9f26d71978b7d') in 0.006523 seconds 
========================================================================
Received Import Request.
  Time since last request: 0.000190 seconds.
  path: Assets/Assets/Player/Character/Punching.fbx
  artifactKey: Guid(87a387fd054670a49a88e4d8905a9abd) Importer(815301076,1909f56bfc062723c751e8b465ee728b)
Start importing Assets/Assets/Player/Character/Punching.fbx using Guid(87a387fd054670a49a88e4d8905a9abd) Importer(815301076,1909f56bfc062723c751e8b465ee728b)  -> (artifact id: '66c76690bf57c9e5818414dc4ba830fa') in 0.005907 seconds 
========================================================================
Received Import Request.
  Time since last request: 0.000277 seconds.
  path: Assets/Assets/Player/Character/Walking.fbx
  artifactKey: Guid(f7df5849375e59d45807c84ef77632b1) Importer(815301076,1909f56bfc062723c751e8b465ee728b)
Start importing Assets/Assets/Player/Character/Walking.fbx using Guid(f7df5849375e59d45807c84ef77632b1) Importer(815301076,1909f56bfc062723c751e8b465ee728b)  -> (artifact id: '2c27a61e89ae4e4cbdc38b1a2f78915d') in 0.006149 seconds 
========================================================================
Received Import Request.
  Time since last request: 0.000235 seconds.
  path: Assets/Assets/Player/Character/Pistol Idle.fbx
  artifactKey: Guid(3df94d253f34fc54cb75fa402ab635fc) Importer(815301076,1909f56bfc062723c751e8b465ee728b)
Start importing Assets/Assets/Player/Character/Pistol Idle.fbx using Guid(3df94d253f34fc54cb75fa402ab635fc) Importer(815301076,1909f56bfc062723c751e8b465ee728b)  -> (artifact id: '3d82a8aaebc85d80b278061d78f39f8c') in 0.005802 seconds 
========================================================================
Received Import Request.
  Time since last request: 0.000198 seconds.
  path: Assets/Assets/Player/Character/Ready Idle.fbx
  artifactKey: Guid(a2433e3b12009c54f9ea65360b3efd52) Importer(815301076,1909f56bfc062723c751e8b465ee728b)
Start importing Assets/Assets/Player/Character/Ready Idle.fbx using Guid(a2433e3b12009c54f9ea65360b3efd52) Importer(815301076,1909f56bfc062723c751e8b465ee728b)  -> (artifact id: '5130bb96035d79fac61a1d2e01c9633e') in 0.005711 seconds 
========================================================================
Received Import Request.
  Time since last request: 0.000141 seconds.
  path: Assets/Assets/Player/Character/Idle Aiming.fbx
  artifactKey: Guid(0944a0fbcbb3c5445b1ae83ff7951e73) Importer(815301076,1909f56bfc062723c751e8b465ee728b)
Start importing Assets/Assets/Player/Character/Idle Aiming.fbx using Guid(0944a0fbcbb3c5445b1ae83ff7951e73) Importer(815301076,1909f56bfc062723c751e8b465ee728b)  -> (artifact id: '0cf64ca65743330184209e91bdf85282') in 0.006402 seconds 
========================================================================
Received Import Request.
  Time since last request: 4.386533 seconds.
  path: Assets/Assets/LowPolyLandscape/Prefabs/Foliage/Tree-01.prefab
  artifactKey: Guid(de12ad33fb45d884f9a269eb2a5d2d6c) Importer(815301076,1909f56bfc062723c751e8b465ee728b)
Start importing Assets/Assets/LowPolyLandscape/Prefabs/Foliage/Tree-01.prefab using Guid(de12ad33fb45d884f9a269eb2a5d2d6c) Importer(815301076,1909f56bfc062723c751e8b465ee728b)  -> (artifact id: 'ed1dea19f336aae10f14fe6ac1cd6db3') in 0.018573 seconds 
========================================================================
Received Import Request.
  Time since last request: 0.000238 seconds.
  path: Assets/Assets/LowPolyLandscape/Prefabs/Foliage/Tree-04.prefab
  artifactKey: Guid(bd1b67755aa3c9a4ca5b5e9a2f58487f) Importer(815301076,1909f56bfc062723c751e8b465ee728b)
Start importing Assets/Assets/LowPolyLandscape/Prefabs/Foliage/Tree-04.prefab using Guid(bd1b67755aa3c9a4ca5b5e9a2f58487f) Importer(815301076,1909f56bfc062723c751e8b465ee728b)  -> (artifact id: '8e30fd6a2061b5b23b654fda5c21cfa4') in 0.019176 seconds 
========================================================================
Received Import Request.
  Time since last request: 0.000182 seconds.
  path: Assets/Assets/LowPolyLandscape/Prefabs/Foliage/TreeBirch-06.prefab
  artifactKey: Guid(f165921b1ba79e040977dcb32d9baa0e) Importer(815301076,1909f56bfc062723c751e8b465ee728b)
Start importing Assets/Assets/LowPolyLandscape/Prefabs/Foliage/TreeBirch-06.prefab using Guid(f165921b1ba79e040977dcb32d9baa0e) Importer(815301076,1909f56bfc062723c751e8b465ee728b)  -> (artifact id: '3e0bd8a7fcbcf21ccc307a592871a32d') in 0.012365 seconds 
========================================================================
Received Import Request.
  Time since last request: 0.000173 seconds.
  path: Assets/Assets/LowPolyLandscape/Prefabs/Foliage/Tree-02.prefab
  artifactKey: Guid(e3e01a78922f3ca478c0c3d134defe5b) Importer(815301076,1909f56bfc062723c751e8b465ee728b)
Start importing Assets/Assets/LowPolyLandscape/Prefabs/Foliage/Tree-02.prefab using Guid(e3e01a78922f3ca478c0c3d134defe5b) Importer(815301076,1909f56bfc062723c751e8b465ee728b)  -> (artifact id: '4344fce4c4fdc9359ad974fb2820541a') in 0.012755 seconds 
========================================================================
Received Import Request.
  Time since last request: 0.000190 seconds.
  path: Assets/Assets/LowPolyLandscape/Prefabs/Foliage/TreeBirch-02.prefab
  artifactKey: Guid(87743f45784047843bd42a069a3b32c0) Importer(815301076,1909f56bfc062723c751e8b465ee728b)
Start importing Assets/Assets/LowPolyLandscape/Prefabs/Foliage/TreeBirch-02.prefab using Guid(87743f45784047843bd42a069a3b32c0) Importer(815301076,1909f56bfc062723c751e8b465ee728b)  -> (artifact id: '5b0e89c5cf44ade311d8bd4999683726') in 0.018022 seconds 
========================================================================
Received Import Request.
  Time since last request: 0.000165 seconds.
  path: Assets/Assets/LowPolyLandscape/Prefabs/Foliage/Tree-05.prefab
  artifactKey: Guid(9f5e24fafa2f5ec4e9b7907bb573e7cc) Importer(815301076,1909f56bfc062723c751e8b465ee728b)
Start importing Assets/Assets/LowPolyLandscape/Prefabs/Foliage/Tree-05.prefab using Guid(9f5e24fafa2f5ec4e9b7907bb573e7cc) Importer(815301076,1909f56bfc062723c751e8b465ee728b)  -> (artifact id: '0a8484785cd553bea40f458230924331') in 0.012356 seconds 
========================================================================
Received Import Request.
  Time since last request: 0.000300 seconds.
  path: Assets/Assets/LowPolyLandscape/Prefabs/Foliage/Tree-03.prefab
  artifactKey: Guid(5700d124bc032fc478d41b4dce6d5ca8) Importer(815301076,1909f56bfc062723c751e8b465ee728b)
Start importing Assets/Assets/LowPolyLandscape/Prefabs/Foliage/Tree-03.prefab using Guid(5700d124bc032fc478d41b4dce6d5ca8) Importer(815301076,1909f56bfc062723c751e8b465ee728b)  -> (artifact id: '3dc9fc39715c0e8f2beb07e5bf8da783') in 0.015125 seconds 
========================================================================
Received Import Request.
  Time since last request: 5.390673 seconds.
  path: Assets/Prefabs/FirstPersonController.prefab
  artifactKey: Guid(6bacecc4f3df9584198879c73a6b6c36) Importer(815301076,1909f56bfc062723c751e8b465ee728b)
Start importing Assets/Prefabs/FirstPersonController.prefab using Guid(6bacecc4f3df9584198879c73a6b6c36) Importer(815301076,1909f56bfc062723c751e8b465ee728b)  -> (artifact id: 'df418e0f2a4f9aea0ed3323a39ccd15e') in 0.027077 seconds 
========================================================================
Received Import Request.
  Time since last request: 224.386161 seconds.
  path: Assets/Material/New Material.mat
  artifactKey: Guid(660b655d94d66e44cbdd48b6f3ce3ade) Importer(815301076,1909f56bfc062723c751e8b465ee728b)
Start importing Assets/Material/New Material.mat using Guid(660b655d94d66e44cbdd48b6f3ce3ade) Importer(815301076,1909f56bfc062723c751e8b465ee728b)  -> (artifact id: '3ccb1942aa4a34d6fd5ac999145982b3') in 0.011973 seconds 
========================================================================
Received Import Request.
  Time since last request: 0.000136 seconds.
  path: Assets/Material/terrarian.mat
  artifactKey: Guid(12082488cbd973045b7d3f72fe39d753) Importer(815301076,1909f56bfc062723c751e8b465ee728b)
Start importing Assets/Material/terrarian.mat using Guid(12082488cbd973045b7d3f72fe39d753) Importer(815301076,1909f56bfc062723c751e8b465ee728b)  -> (artifact id: '6b0a6f9d22c1eaa5a54fa0167052d6b0') in 0.007492 seconds 
AssetImportWorkerClient::OnTransportError - code=2 error=End of file
